> db.tasks.find()
{ "_id" : ObjectId("5a18c3b37167af9bea3b757c"), "taskname" : "task0", "sleeptime" : 85, "status" : "success", "host" : "fakrudeen2" }
{ "_id" : ObjectId("5a18c3b37167af9bea3b757d"), "taskname" : "task1", "sleeptime" : 70, "status" : "success", "host" : "fakrudeen" }
{ "_id" : ObjectId("5a18c3b37167af9bea3b757e"), "taskname" : "task2", "sleeptime" : 1, "status" : "success", "host" : "fakrudeen" }
{ "_id" : ObjectId("5a18c3b37167af9bea3b757f"), "taskname" : "task3", "sleeptime" : 71, "status" : "success", "host" : "fakrudeen" }
{ "_id" : ObjectId("5a18c3b37167af9bea3b7580"), "taskname" : "task4", "sleeptime" : 29, "status" : "success", "host" : "fakrudeen2" }
{ "_id" : ObjectId("5a18c3b37167af9bea3b7581"), "taskname" : "task5", "sleeptime" : 33, "status" : "success", "host" : "fakrudeen2" }
{ "_id" : ObjectId("5a18c3b37167af9bea3b7582"), "taskname" : "task6", "sleeptime" : 73, "status" : "success", "host" : "fakrudeen2" }
{ "_id" : ObjectId("5a18c3b37167af9bea3b7583"), "taskname" : "task7", "sleeptime" : 3, "status" : "success", "host" : "fakrudeen" }
{ "_id" : ObjectId("5a18c3b37167af9bea3b7584"), "taskname" : "task8", "sleeptime" : 17, "status" : "success", "host" : "fakrudeen" }
{ "_id" : ObjectId("5a18c3b37167af9bea3b7585"), "taskname" : "task9", "sleeptime" : 35, "status" : "success", "host" : "fakrudeen" }
{ "_id" : ObjectId("5a18c3b37167af9bea3b7586"), "taskname" : "task10", "sleeptime" : 73, "status" : "success", "host" : "fakrudeen" }
{ "_id" : ObjectId("5a18c3b37167af9bea3b7587"), "taskname" : "task11", "sleeptime" : 3, "status" : "success", "host" : "fakrudeen2" }
{ "_id" : ObjectId("5a18c3b37167af9bea3b7588"), "taskname" : "task12", "sleeptime" : 12, "status" : "success", "host" : "fakrudeen2" }
{ "_id" : ObjectId("5a18c3b37167af9bea3b7589"), "taskname" : "task13", "sleeptime" : 3, "status" : "success", "host" : "fakrudeen2" }
{ "_id" : ObjectId("5a18c3b37167af9bea3b758a"), "taskname" : "task14", "sleeptime" : 56, "status" : "success", "host" : "fakrudeen2" }
{ "_id" : ObjectId("5a18c3b37167af9bea3b758b"), "taskname" : "task15", "sleeptime" : 75, "status" : "success", "host" : "fakrudeen" }
{ "_id" : ObjectId("5a18c3b37167af9bea3b758c"), "taskname" : "task16", "sleeptime" : 52, "status" : "success", "host" : "fakrudeen2" }
{ "_id" : ObjectId("5a18c3b37167af9bea3b758d"), "taskname" : "task17", "sleeptime" : 81, "status" : "success", "host" : "fakrudeen2" }
{ "_id" : ObjectId("5a18c3b37167af9bea3b758e"), "taskname" : "task18", "sleeptime" : 82, "status" : "success", "host" : "fakrudeen" }
{ "_id" : ObjectId("5a18c3b37167af9bea3b758f"), "taskname" : "task19", "sleeptime" : 92, "status" : "success", "host" : "fakrudeen2" }
Type "it" for more
> it
{ "_id" : ObjectId("5a18c3b37167af9bea3b7590"), "taskname" : "task20", "sleeptime" : 39, "status" : "success", "host" : "fakrudeen" }
{ "_id" : ObjectId("5a18c3b37167af9bea3b7591"), "taskname" : "task21", "sleeptime" : 45, "status" : "success", "host" : "fakrudeen" }
{ "_id" : ObjectId("5a18c3b37167af9bea3b7592"), "taskname" : "task22", "sleeptime" : 5, "status" : "success", "host" : "fakrudeen2" }
{ "_id" : ObjectId("5a18c3b37167af9bea3b7593"), "taskname" : "task23", "sleeptime" : 92, "status" : "success", "host" : "fakrudeen" }
{ "_id" : ObjectId("5a18c3b37167af9bea3b7594"), "taskname" : "task24", "sleeptime" : 78, "status" : "success", "host" : "fakrudeen2" }
{ "_id" : ObjectId("5a18c3b37167af9bea3b7595"), "taskname" : "task25", "sleeptime" : 9, "status" : "success", "host" : "fakrudeen2" }
{ "_id" : ObjectId("5a18c3b37167af9bea3b7596"), "taskname" : "task26", "sleeptime" : 82, "status" : "success", "host" : "fakrudeen2" }
{ "_id" : ObjectId("5a18c3b37167af9bea3b7597"), "taskname" : "task27", "sleeptime" : 86, "status" : "success", "host" : "fakrudeen" }
{ "_id" : ObjectId("5a18c3b37167af9bea3b7598"), "taskname" : "task28", "sleeptime" : 19, "status" : "success", "host" : "fakrudeen2" }
{ "_id" : ObjectId("5a18c3b37167af9bea3b7599"), "taskname" : "task29", "sleeptime" : 62, "status" : "success", "host" : "fakrudeen" }
{ "_id" : ObjectId("5a18c3b37167af9bea3b759a"), "taskname" : "task30", "sleeptime" : 52, "status" : "success", "host" : "fakrudeen2" }
{ "_id" : ObjectId("5a18c3b37167af9bea3b759b"), "taskname" : "task31", "sleeptime" : 57, "status" : "success", "host" : "fakrudeen" }
{ "_id" : ObjectId("5a18c3b37167af9bea3b759c"), "taskname" : "task32", "sleeptime" : 35, "status" : "success", "host" : "fakrudeen2" }
{ "_id" : ObjectId("5a18c3b37167af9bea3b759d"), "taskname" : "task33", "sleeptime" : 93, "status" : "success", "host" : "fakrudeen2" }
{ "_id" : ObjectId("5a18c3b37167af9bea3b759e"), "taskname" : "task34", "sleeptime" : 26, "status" : "success", "host" : "fakrudeen" }
{ "_id" : ObjectId("5a18c3b37167af9bea3b759f"), "taskname" : "task35", "sleeptime" : 83, "status" : "success", "host" : "fakrudeen3" }
{ "_id" : ObjectId("5a18c3b37167af9bea3b75a0"), "taskname" : "task36", "sleeptime" : 61, "status" : "success", "host" : "fakrudeen" }
{ "_id" : ObjectId("5a18c3b37167af9bea3b75a1"), "taskname" : "task37", "sleeptime" : 76, "status" : "success", "host" : "fakrudeen2" }
{ "_id" : ObjectId("5a18c3b37167af9bea3b75a2"), "taskname" : "task38", "sleeptime" : 78, "status" : "success", "host" : "fakrudeen" }
{ "_id" : ObjectId("5a18c3b37167af9bea3b75a3"), "taskname" : "task39", "sleeptime" : 55, "status" : "success", "host" : "fakrudeen3" }
Type "it" for more
> it
{ "_id" : ObjectId("5a18c3b37167af9bea3b75a4"), "taskname" : "task40", "sleeptime" : 84, "status" : "success", "host" : "fakrudeen2" }
{ "_id" : ObjectId("5a18c3b37167af9bea3b75a5"), "taskname" : "task41", "sleeptime" : 8, "status" : "success", "host" : "fakrudeen3" }
{ "_id" : ObjectId("5a18c3b37167af9bea3b75a6"), "taskname" : "task42", "sleeptime" : 77, "status" : "success", "host" : "fakrudeen" }
{ "_id" : ObjectId("5a18c3b37167af9bea3b75a7"), "taskname" : "task43", "sleeptime" : 48, "status" : "success", "host" : "fakrudeen3" }
{ "_id" : ObjectId("5a18c3b37167af9bea3b75a8"), "taskname" : "task44", "sleeptime" : 98, "status" : "success", "host" : "fakrudeen3" }
{ "_id" : ObjectId("5a18c3b37167af9bea3b75a9"), "taskname" : "task45", "sleeptime" : 80, "status" : "success", "host" : "fakrudeen2" }
{ "_id" : ObjectId("5a18c3b37167af9bea3b75aa"), "taskname" : "task46", "sleeptime" : 38, "status" : "success", "host" : "fakrudeen" }
{ "_id" : ObjectId("5a18c3b37167af9bea3b75ab"), "taskname" : "task47", "sleeptime" : 21, "status" : "success", "host" : "fakrudeen" }
{ "_id" : ObjectId("5a18c3b37167af9bea3b75ac"), "taskname" : "task48", "sleeptime" : 14, "status" : "success", "host" : "fakrudeen" }
{ "_id" : ObjectId("5a18c3b37167af9bea3b75ad"), "taskname" : "task49", "sleeptime" : 34, "status" : "success", "host" : "fakrudeen3" }
{ "_id" : ObjectId("5a18c3b37167af9bea3b75ae"), "taskname" : "task50", "sleeptime" : 74, "status" : "success", "host" : "fakrudeen2" }
{ "_id" : ObjectId("5a18c3b37167af9bea3b75af"), "taskname" : "task51", "sleeptime" : 29, "status" : "success", "host" : "fakrudeen" }
{ "_id" : ObjectId("5a18c3b37167af9bea3b75b0"), "taskname" : "task52", "sleeptime" : 68, "status" : "success", "host" : "fakrudeen" }
{ "_id" : ObjectId("5a18c3b37167af9bea3b75b1"), "taskname" : "task53", "sleeptime" : 68, "status" : "success", "host" : "fakrudeen3" }
{ "_id" : ObjectId("5a18c3b37167af9bea3b75b2"), "taskname" : "task54", "sleeptime" : 21, "status" : "success", "host" : "fakrudeen2" }
{ "_id" : ObjectId("5a18c3b37167af9bea3b75b3"), "taskname" : "task55", "sleeptime" : 54, "status" : "success", "host" : "fakrudeen2" }
{ "_id" : ObjectId("5a18c3b37167af9bea3b75b4"), "taskname" : "task56", "sleeptime" : 73, "status" : "success", "host" : "fakrudeen" }
{ "_id" : ObjectId("5a18c3b37167af9bea3b75b5"), "taskname" : "task57", "sleeptime" : 0, "status" : "success", "host" : "fakrudeen3" }
{ "_id" : ObjectId("5a18c3b37167af9bea3b75b6"), "taskname" : "task58", "sleeptime" : 49, "status" : "success", "host" : "fakrudeen3" }
{ "_id" : ObjectId("5a18c3b37167af9bea3b75b7"), "taskname" : "task59", "sleeptime" : 53, "status" : "success", "host" : "fakrudeen2" }
Type "it" for more
> it
{ "_id" : ObjectId("5a18c3b37167af9bea3b75b8"), "taskname" : "task60", "sleeptime" : 90, "status" : "success", "host" : "fakrudeen3" }
{ "_id" : ObjectId("5a18c3b37167af9bea3b75b9"), "taskname" : "task61", "sleeptime" : 57, "status" : "success", "host" : "fakrudeen" }
{ "_id" : ObjectId("5a18c3b37167af9bea3b75ba"), "taskname" : "task62", "sleeptime" : 99, "status" : "success", "host" : "fakrudeen2" }
{ "_id" : ObjectId("5a18c3b37167af9bea3b75bb"), "taskname" : "task63", "sleeptime" : 0, "status" : "success", "host" : "fakrudeen" }
{ "_id" : ObjectId("5a18c3b37167af9bea3b75bc"), "taskname" : "task64", "sleeptime" : 48, "status" : "success", "host" : "fakrudeen" }
{ "_id" : ObjectId("5a18c3b37167af9bea3b75bd"), "taskname" : "task65", "sleeptime" : 88, "status" : "success", "host" : "fakrudeen3" }
{ "_id" : ObjectId("5a18c3b37167af9bea3b75be"), "taskname" : "task66", "sleeptime" : 74, "status" : "success", "host" : "fakrudeen" }
{ "_id" : ObjectId("5a18c3b37167af9bea3b75bf"), "taskname" : "task67", "sleeptime" : 25, "status" : "success", "host" : "fakrudeen2" }
{ "_id" : ObjectId("5a18c3b37167af9bea3b75c0"), "taskname" : "task68", "sleeptime" : 91, "status" : "success", "host" : "fakrudeen2" }
{ "_id" : ObjectId("5a18c3b37167af9bea3b75c1"), "taskname" : "task69", "sleeptime" : 73, "status" : "success", "host" : "fakrudeen3" }
{ "_id" : ObjectId("5a18c3b37167af9bea3b75c2"), "taskname" : "task70", "sleeptime" : 32, "status" : "success", "host" : "fakrudeen" }
{ "_id" : ObjectId("5a18c3b37167af9bea3b75c3"), "taskname" : "task71", "sleeptime" : 79, "status" : "success", "host" : "fakrudeen" }
{ "_id" : ObjectId("5a18c3b37167af9bea3b75c4"), "taskname" : "task72", "sleeptime" : 14, "status" : "success", "host" : "fakrudeen3" }
{ "_id" : ObjectId("5a18c3b37167af9bea3b75c5"), "taskname" : "task73", "sleeptime" : 38, "status" : "success", "host" : "fakrudeen3" }
{ "_id" : ObjectId("5a18c3b37167af9bea3b75c6"), "taskname" : "task74", "sleeptime" : 2, "status" : "success", "host" : "fakrudeen2" }
{ "_id" : ObjectId("5a18c3b37167af9bea3b75c7"), "taskname" : "task75", "sleeptime" : 59, "status" : "success", "host" : "fakrudeen2" }
{ "_id" : ObjectId("5a18c3b37167af9bea3b75c8"), "taskname" : "task76", "sleeptime" : 77, "status" : "success", "host" : "fakrudeen3" }
{ "_id" : ObjectId("5a18c3b37167af9bea3b75c9"), "taskname" : "task77", "sleeptime" : 49, "status" : "success", "host" : "fakrudeen" }
{ "_id" : ObjectId("5a18c3b37167af9bea3b75ca"), "taskname" : "task78", "sleeptime" : 18, "status" : "success", "host" : "fakrudeen2" }
{ "_id" : ObjectId("5a18c3b37167af9bea3b75cb"), "taskname" : "task79", "sleeptime" : 35, "status" : "success", "host" : "fakrudeen2" }
Type "it" for more
> it
{ "_id" : ObjectId("5a18c3b37167af9bea3b75cc"), "taskname" : "task80", "sleeptime" : 66, "status" : "success", "host" : "fakrudeen" }
{ "_id" : ObjectId("5a18c3b37167af9bea3b75cd"), "taskname" : "task81", "sleeptime" : 85, "status" : "success", "host" : "fakrudeen3" }
{ "_id" : ObjectId("5a18c3b37167af9bea3b75ce"), "taskname" : "task82", "sleeptime" : 71, "status" : "success", "host" : "fakrudeen2" }
{ "_id" : ObjectId("5a18c3b37167af9bea3b75cf"), "taskname" : "task83", "sleeptime" : 20, "status" : "success", "host" : "fakrudeen" }
{ "_id" : ObjectId("5a18c3b37167af9bea3b75d0"), "taskname" : "task84", "sleeptime" : 36, "status" : "success", "host" : "fakrudeen" }
{ "_id" : ObjectId("5a18c3b37167af9bea3b75d1"), "taskname" : "task85", "sleeptime" : 76, "status" : "success", "host" : "fakrudeen2" }
{ "_id" : ObjectId("5a18c3b37167af9bea3b75d2"), "taskname" : "task86", "sleeptime" : 38, "status" : "success", "host" : "fakrudeen3" }
{ "_id" : ObjectId("5a18c3b37167af9bea3b75d3"), "taskname" : "task87", "sleeptime" : 89, "status" : "success", "host" : "fakrudeen" }
{ "_id" : ObjectId("5a18c3b37167af9bea3b75d4"), "taskname" : "task88", "sleeptime" : 64, "status" : "success", "host" : "fakrudeen3" }
{ "_id" : ObjectId("5a18c3b37167af9bea3b75d5"), "taskname" : "task89", "sleeptime" : 42, "status" : "success", "host" : "fakrudeen2" }
{ "_id" : ObjectId("5a18c3b37167af9bea3b75d6"), "taskname" : "task90", "sleeptime" : 33, "status" : "success", "host" : "fakrudeen3" }
{ "_id" : ObjectId("5a18c3b37167af9bea3b75d7"), "taskname" : "task91", "sleeptime" : 93, "status" : "success", "host" : "fakrudeen2" }
{ "_id" : ObjectId("5a18c3b37167af9bea3b75d8"), "taskname" : "task92", "sleeptime" : 61, "status" : "success", "host" : "fakrudeen" }
{ "_id" : ObjectId("5a18c3b37167af9bea3b75d9"), "taskname" : "task93", "sleeptime" : 87, "status" : "success", "host" : "fakrudeen3" }
{ "_id" : ObjectId("5a18c3b37167af9bea3b75da"), "taskname" : "task94", "sleeptime" : 90, "status" : "success", "host" : "fakrudeen" }
{ "_id" : ObjectId("5a18c3b37167af9bea3b75db"), "taskname" : "task95", "sleeptime" : 13, "status" : "success", "host" : "fakrudeen2" }
{ "_id" : ObjectId("5a18c3b37167af9bea3b75dc"), "taskname" : "task96", "sleeptime" : 94, "status" : "success", "host" : "fakrudeen2" }
{ "_id" : ObjectId("5a18c3b37167af9bea3b75dd"), "taskname" : "task97", "sleeptime" : 27, "status" : "success", "host" : "fakrudeen3" }
{ "_id" : ObjectId("5a18c3b37167af9bea3b75de"), "taskname" : "task98", "sleeptime" : 99, "status" : "success", "host" : "fakrudeen3" }
{ "_id" : ObjectId("5a18c3b37167af9bea3b75df"), "taskname" : "task99", "sleeptime" : 90, "status" : "success", "host" : "fakrudeen" }